<?xml version="1.0" encoding="UTF-8"?>
<testng-results skipped="0" failed="0" ignored="0" total="1" passed="1">
  <reporter-output>
  </reporter-output>
  <suite name="Default suite" duration-ms="60204" started-at="2020-03-16T20:36:18Z" finished-at="2020-03-16T20:37:18Z">
    <groups>
      <group name="cucumber scenarios">
        <method signature="TestRunner.scenario(cucumber.api.testng.CucumberFeatureWrapper)[pri:0, instance:MyRunner.TestRunner@4bec1f0c]" name="scenario" class="MyRunner.TestRunner"/>
      </group> <!-- cucumber scenarios -->
    </groups>
    <test name="Default test" duration-ms="60204" started-at="2020-03-16T20:36:18Z" finished-at="2020-03-16T20:37:18Z">
      <class name="MyRunner.TestRunner">
        <test-method status="PASS" signature="setUpClass()[pri:0, instance:MyRunner.TestRunner@4bec1f0c]" name="setUpClass" is-config="true" duration-ms="212" started-at="2020-03-17T02:06:18Z" finished-at="2020-03-17T02:06:18Z">
          <reporter-output>
          </reporter-output>
        </test-method> <!-- setUpClass -->
        <test-method status="PASS" signature="scenario(cucumber.api.testng.CucumberFeatureWrapper)[pri:0, instance:MyRunner.TestRunner@4bec1f0c]" name="scenario" duration-ms="59873" started-at="2020-03-17T02:06:19Z" description="Runs Cucumber Scenarios" data-provider="scenarios" finished-at="2020-03-17T02:07:18Z">
          <params>
            <param index="0">
              <value>
                <![CDATA[Buy pillows from demo.midtrans.com]]>
              </value>
            </param>
          </params>
          <reporter-output>
          </reporter-output>
        </test-method> <!-- scenario -->
        <test-method status="PASS" signature="tearDownClass()[pri:0, instance:MyRunner.TestRunner@4bec1f0c]" name="tearDownClass" is-config="true" duration-ms="44" started-at="2020-03-17T02:07:18Z" finished-at="2020-03-17T02:07:18Z">
          <reporter-output>
          </reporter-output>
        </test-method> <!-- tearDownClass -->
      </class> <!-- MyRunner.TestRunner -->
    </test> <!-- Default test -->
  </suite> <!-- Default suite -->
</testng-results>
